Tue Aug 11 14:42:19 2020:NOTICE:printLogHeader: hector version 2.5.0
Tue Aug 11 14:42:19 2020:DEBUG:init: hello bc
Tue Aug 11 14:42:19 2020:DEBUG:setData: Setting BC_emissions[1765]=0
Tue Aug 11 14:42:19 2020:DEBUG:setData: Setting BC_emissions[1766]=0.106998
Tue Aug 11 14:42:19 2020:DEBUG:setData: Setting BC_emissions[1767]=0.1333826
Tue Aug 11 14:42:19 2020:DEBUG:setData: Setting BC_emissions[1768]=0.15984677
Tue Aug 11 14:42:19 2020:DEBUG:setData: Setting BC_emissions[1769]=0.18639296
Tue Aug 11 14:42:19 2020:DEBUG:setData: Setting BC_emissions[1770]=0.21302373
Tue Aug 11 14:42:19 2020:DEBUG:setData: Setting BC_emissions[1771]=0.23974168
Tue Aug 11 14:42:19 2020:DEBUG:setData: Setting BC_emissions[1772]=0.26654951
Tue Aug 11 14:42:19 2020:DEBUG:setData: Setting BC_emissions[1773]=0.29345
Tue Aug 11 14:42:19 2020:DEBUG:setData: Setting BC_emissions[1774]=0.32044601
Tue Aug 11 14:42:19 2020:DEBUG:setData: Setting BC_emissions[1775]=0.34754051
Tue Aug 11 14:42:19 2020:DEBUG:setData: Setting BC_emissions[1776]=0.37473653
Tue Aug 11 14:42:19 2020:DEBUG:setData: Setting BC_emissions[1777]=0.40203721
Tue Aug 11 14:42:19 2020:DEBUG:setData: Setting BC_emissions[1778]=0.4294458
Tue Aug 11 14:42:19 2020:DEBUG:setData: Setting BC_emissions[1779]=0.45696563
Tue Aug 11 14:42:19 2020:DEBUG:setData: Setting BC_emissions[1780]=0.48460014
Tue Aug 11 14:42:19 2020:DEBUG:setData: Setting BC_emissions[1781]=0.51235288
Tue Aug 11 14:42:19 2020:DEBUG:setData: Setting BC_emissions[1782]=0.5402275
Tue Aug 11 14:42:19 2020:DEBUG:setData: Setting BC_emissions[1783]=0.56822778
Tue Aug 11 14:42:19 2020:DEBUG:setData: Setting BC_emissions[1784]=0.59635759
Tue Aug 11 14:42:19 2020:DEBUG:setData: Setting BC_emissions[1785]=0.62462095
Tue Aug 11 14:42:19 2020:DEBUG:setData: Setting BC_emissions[1786]=0.65302198
Tue Aug 11 14:42:19 2020:DEBUG:setData: Setting BC_emissions[1787]=0.68156496
Tue Aug 11 14:42:19 2020:DEBUG:setData: Setting BC_emissions[1788]=0.71025425
Tue Aug 11 14:42:19 2020:DEBUG:setData: Setting BC_emissions[1789]=0.73909439
Tue Aug 11 14:42:19 2020:DEBUG:setData: Setting BC_emissions[1790]=0.76809005
Tue Aug 11 14:42:19 2020:DEBUG:setData: Setting BC_emissions[1791]=0.79724604
Tue Aug 11 14:42:19 2020:DEBUG:setData: Setting BC_emissions[1792]=0.8265673
Tue Aug 11 14:42:19 2020:DEBUG:setData: Setting BC_emissions[1793]=0.85605896
Tue Aug 11 14:42:19 2020:DEBUG:setData: Setting BC_emissions[1794]=0.88572629
Tue Aug 11 14:42:19 2020:DEBUG:setData: Setting BC_emissions[1795]=0.91557471
Tue Aug 11 14:42:19 2020:DEBUG:setData: Setting BC_emissions[1796]=0.94560984
Tue Aug 11 14:42:19 2020:DEBUG:setData: Setting BC_emissions[1797]=0.97583743
Tue Aug 11 14:42:19 2020:DEBUG:setData: Setting BC_emissions[1798]=1.0062635
Tue Aug 11 14:42:19 2020:DEBUG:setData: Setting BC_emissions[1799]=1.036894
Tue Aug 11 14:42:19 2020:DEBUG:setData: Setting BC_emissions[1800]=1.0677355
Tue Aug 11 14:42:19 2020:DEBUG:setData: Setting BC_emissions[1801]=1.0987944
Tue Aug 11 14:42:19 2020:DEBUG:setData: Setting BC_emissions[1802]=1.1300774
Tue Aug 11 14:42:19 2020:DEBUG:setData: Setting BC_emissions[1803]=1.1615915
Tue Aug 11 14:42:19 2020:DEBUG:setData: Setting BC_emissions[1804]=1.1933438
Tue Aug 11 14:42:19 2020:DEBUG:setData: Setting BC_emissions[1805]=1.2253417
Tue Aug 11 14:42:19 2020:DEBUG:setData: Setting BC_emissions[1806]=1.2575928
Tue Aug 11 14:42:19 2020:DEBUG:setData: Setting BC_emissions[1807]=1.2901048
Tue Aug 11 14:42:19 2020:DEBUG:setData: Setting BC_emissions[1808]=1.322886
Tue Aug 11 14:42:19 2020:DEBUG:setData: Setting BC_emissions[1809]=1.3559445
Tue Aug 11 14:42:19 2020:DEBUG:setData: Setting BC_emissions[1810]=1.3892891
Tue Aug 11 14:42:19 2020:DEBUG:setData: Setting BC_emissions[1811]=1.4229284
Tue Aug 11 14:42:19 2020:DEBUG:setData: Setting BC_emissions[1812]=1.4568717
Tue Aug 11 14:42:19 2020:DEBUG:setData: Setting BC_emissions[1813]=1.4911284
Tue Aug 11 14:42:19 2020:DEBUG:setData: Setting BC_emissions[1814]=1.5257081
Tue Aug 11 14:42:19 2020:DEBUG:setData: Setting BC_emissions[1815]=1.5606208
Tue Aug 11 14:42:19 2020:DEBUG:setData: Setting BC_emissions[1816]=1.5958768
Tue Aug 11 14:42:19 2020:DEBUG:setData: Setting BC_emissions[1817]=1.6314868
Tue Aug 11 14:42:19 2020:DEBUG:setData: Setting BC_emissions[1818]=1.6674616
Tue Aug 11 14:42:19 2020:DEBUG:setData: Setting BC_emissions[1819]=1.7038127
Tue Aug 11 14:42:19 2020:DEBUG:setData: Setting BC_emissions[1820]=1.7405516
Tue Aug 11 14:42:19 2020:DEBUG:setData: Setting BC_emissions[1821]=1.7776902
Tue Aug 11 14:42:19 2020:DEBUG:setData: Setting BC_emissions[1822]=1.815241
Tue Aug 11 14:42:19 2020:DEBUG:setData: Setting BC_emissions[1823]=1.8532168
Tue Aug 11 14:42:19 2020:DEBUG:setData: Setting BC_emissions[1824]=1.8916306
Tue Aug 11 14:42:19 2020:DEBUG:setData: Setting BC_emissions[1825]=1.930496
Tue Aug 11 14:42:19 2020:DEBUG:setData: Setting BC_emissions[1826]=1.969827
Tue Aug 11 14:42:19 2020:DEBUG:setData: Setting BC_emissions[1827]=2.009638
Tue Aug 11 14:42:19 2020:DEBUG:setData: Setting BC_emissions[1828]=2.0499438
Tue Aug 11 14:42:19 2020:DEBUG:setData: Setting BC_emissions[1829]=2.0907597
Tue Aug 11 14:42:19 2020:DEBUG:setData: Setting BC_emissions[1830]=2.1321015
Tue Aug 11 14:42:19 2020:DEBUG:setData: Setting BC_emissions[1831]=2.1739855
Tue Aug 11 14:42:19 2020:DEBUG:setData: Setting BC_emissions[1832]=2.2164284
Tue Aug 11 14:42:19 2020:DEBUG:setData: Setting BC_emissions[1833]=2.2594475
Tue Aug 11 14:42:19 2020:DEBUG:setData: Setting BC_emissions[1834]=2.3030607
Tue Aug 11 14:42:19 2020:DEBUG:setData: Setting BC_emissions[1835]=2.3472862
Tue Aug 11 14:42:19 2020:DEBUG:setData: Setting BC_emissions[1836]=2.3921432
Tue Aug 11 14:42:19 2020:DEBUG:setData: Setting BC_emissions[1837]=2.437651
Tue Aug 11 14:42:19 2020:DEBUG:setData: Setting BC_emissions[1838]=2.4838298
Tue Aug 11 14:42:19 2020:DEBUG:setData: Setting BC_emissions[1839]=2.5307004
Tue Aug 11 14:42:19 2020:DEBUG:setData: Setting BC_emissions[1840]=2.5782841
Tue Aug 11 14:42:19 2020:DEBUG:setData: Setting BC_emissions[1841]=2.6266031
Tue Aug 11 14:42:19 2020:DEBUG:setData: Setting BC_emissions[1842]=2.67568
Tue Aug 11 14:42:19 2020:DEBUG:setData: Setting BC_emissions[1843]=2.7255383
Tue Aug 11 14:42:19 2020:DEBUG:setData: Setting BC_emissions[1844]=2.7762021
Tue Aug 11 14:42:19 2020:DEBUG:setData: Setting BC_emissions[1845]=2.8276964
Tue Aug 11 14:42:19 2020:DEBUG:setData: Setting BC_emissions[1846]=2.8800469
Tue Aug 11 14:42:19 2020:DEBUG:setData: Setting BC_emissions[1847]=2.9332801
Tue Aug 11 14:42:19 2020:DEBUG:setData: Setting BC_emissions[1848]=2.9874231
Tue Aug 11 14:42:19 2020:DEBUG:setData: Setting BC_emissions[1849]=3.0425043
Tue Aug 11 14:42:19 2020:DEBUG:setData: Setting BC_emissions[1850]=3.0985525
Tue Aug 11 14:42:19 2020:DEBUG:setData: Setting BC_emissions[1851]=3.1187417
Tue Aug 11 14:42:19 2020:DEBUG:setData: Setting BC_emissions[1852]=3.1389309
Tue Aug 11 14:42:19 2020:DEBUG:setData: Setting BC_emissions[1853]=3.15912
Tue Aug 11 14:42:19 2020:DEBUG:setData: Setting BC_emissions[1854]=3.1793092
Tue Aug 11 14:42:19 2020:DEBUG:setData: Setting BC_emissions[1855]=3.1994983
Tue Aug 11 14:42:19 2020:DEBUG:setData: Setting BC_emissions[1856]=3.2196875
Tue Aug 11 14:42:19 2020:DEBUG:setData: Setting BC_emissions[1857]=3.2398767
Tue Aug 11 14:42:19 2020:DEBUG:setData: Setting BC_emissions[1858]=3.2600658
Tue Aug 11 14:42:19 2020:DEBUG:setData: Setting BC_emissions[1859]=3.280255
Tue Aug 11 14:42:19 2020:DEBUG:setData: Setting BC_emissions[1860]=3.3004441
Tue Aug 11 14:42:19 2020:DEBUG:setData: Setting BC_emissions[1861]=3.3244138
Tue Aug 11 14:42:19 2020:DEBUG:setData: Setting BC_emissions[1862]=3.3483835
Tue Aug 11 14:42:19 2020:DEBUG:setData: Setting BC_emissions[1863]=3.3723532
Tue Aug 11 14:42:19 2020:DEBUG:setData: Setting BC_emissions[1864]=3.3963229
Tue Aug 11 14:42:19 2020:DEBUG:setData: Setting BC_emissions[1865]=3.4202926
Tue Aug 11 14:42:19 2020:DEBUG:setData: Setting BC_emissions[1866]=3.4442623
Tue Aug 11 14:42:19 2020:DEBUG:setData: Setting BC_emissions[1867]=3.4682319
Tue Aug 11 14:42:19 2020:DEBUG:setData: Setting BC_emissions[1868]=3.4922016
Tue Aug 11 14:42:19 2020:DEBUG:setData: Setting BC_emissions[1869]=3.5161713
Tue Aug 11 14:42:19 2020:DEBUG:setData: Setting BC_emissions[1870]=3.540141
Tue Aug 11 14:42:19 2020:DEBUG:setData: Setting BC_emissions[1871]=3.562453
Tue Aug 11 14:42:19 2020:DEBUG:setData: Setting BC_emissions[1872]=3.5847651
Tue Aug 11 14:42:19 2020:DEBUG:setData: Setting BC_emissions[1873]=3.6070771
Tue Aug 11 14:42:19 2020:DEBUG:setData: Setting BC_emissions[1874]=3.6293891
Tue Aug 11 14:42:19 2020:DEBUG:setData: Setting BC_emissions[1875]=3.6517012
Tue Aug 11 14:42:19 2020:DEBUG:setData: Setting BC_emissions[1876]=3.6740132
Tue Aug 11 14:42:19 2020:DEBUG:setData: Setting BC_emissions[1877]=3.6963253
Tue Aug 11 14:42:19 2020:DEBUG:setData: Setting BC_emissions[1878]=3.7186373
Tue Aug 11 14:42:19 2020:DEBUG:setData: Setting BC_emissions[1879]=3.7409493
Tue Aug 11 14:42:19 2020:DEBUG:setData: Setting BC_emissions[1880]=3.7632614
Tue Aug 11 14:42:19 2020:DEBUG:setData: Setting BC_emissions[1881]=3.7925706
Tue Aug 11 14:42:19 2020:DEBUG:setData: Setting BC_emissions[1882]=3.8218798
Tue Aug 11 14:42:19 2020:DEBUG:setData: Setting BC_emissions[1883]=3.851189
Tue Aug 11 14:42:19 2020:DEBUG:setData: Setting BC_emissions[1884]=3.8804982
Tue Aug 11 14:42:19 2020:DEBUG:setData: Setting BC_emissions[1885]=3.9098074
Tue Aug 11 14:42:19 2020:DEBUG:setData: Setting BC_emissions[1886]=3.9391166
Tue Aug 11 14:42:19 2020:DEBUG:setData: Setting BC_emissions[1887]=3.9684258
Tue Aug 11 14:42:19 2020:DEBUG:setData: Setting BC_emissions[1888]=3.997735
Tue Aug 11 14:42:19 2020:DEBUG:setData: Setting BC_emissions[1889]=4.0270443
Tue Aug 11 14:42:19 2020:DEBUG:setData: Setting BC_emissions[1890]=4.0563535
Tue Aug 11 14:42:19 2020:DEBUG:setData: Setting BC_emissions[1891]=4.0882845
Tue Aug 11 14:42:19 2020:DEBUG:setData: Setting BC_emissions[1892]=4.1202154
Tue Aug 11 14:42:19 2020:DEBUG:setData: Setting BC_emissions[1893]=4.1521464
Tue Aug 11 14:42:19 2020:DEBUG:setData: Setting BC_emissions[1894]=4.1840774
Tue Aug 11 14:42:19 2020:DEBUG:setData: Setting BC_emissions[1895]=4.2160084
Tue Aug 11 14:42:19 2020:DEBUG:setData: Setting BC_emissions[1896]=4.2479394
Tue Aug 11 14:42:19 2020:DEBUG:setData: Setting BC_emissions[1897]=4.2798704
Tue Aug 11 14:42:19 2020:DEBUG:setData: Setting BC_emissions[1898]=4.3118014
Tue Aug 11 14:42:19 2020:DEBUG:setData: Setting BC_emissions[1899]=4.3437324
Tue Aug 11 14:42:19 2020:DEBUG:setData: Setting BC_emissions[1900]=4.3756633
Tue Aug 11 14:42:19 2020:DEBUG:setData: Setting BC_emissions[1901]=4.4173849
Tue Aug 11 14:42:19 2020:DEBUG:setData: Setting BC_emissions[1902]=4.4591064
Tue Aug 11 14:42:19 2020:DEBUG:setData: Setting BC_emissions[1903]=4.500828
Tue Aug 11 14:42:19 2020:DEBUG:setData: Setting BC_emissions[1904]=4.5425495
Tue Aug 11 14:42:19 2020:DEBUG:setData: Setting BC_emissions[1905]=4.5842711
Tue Aug 11 14:42:19 2020:DEBUG:setData: Setting BC_emissions[1906]=4.6259926
Tue Aug 11 14:42:19 2020:DEBUG:setData: Setting BC_emissions[1907]=4.6677142
Tue Aug 11 14:42:19 2020:DEBUG:setData: Setting BC_emissions[1908]=4.7094357
Tue Aug 11 14:42:19 2020:DEBUG:setData: Setting BC_emissions[1909]=4.7511573
Tue Aug 11 14:42:19 2020:DEBUG:setData: Setting BC_emissions[1910]=4.7928788
Tue Aug 11 14:42:19 2020:DEBUG:setData: Setting BC_emissions[1911]=4.7949516
Tue Aug 11 14:42:19 2020:DEBUG:setData: Setting BC_emissions[1912]=4.7970244
Tue Aug 11 14:42:19 2020:DEBUG:setData: Setting BC_emissions[1913]=4.7990972
Tue Aug 11 14:42:19 2020:DEBUG:setData: Setting BC_emissions[1914]=4.80117
Tue Aug 11 14:42:19 2020:DEBUG:setData: Setting BC_emissions[1915]=4.8032428
Tue Aug 11 14:42:19 2020:DEBUG:setData: Setting BC_emissions[1916]=4.8053156
Tue Aug 11 14:42:19 2020:DEBUG:setData: Setting BC_emissions[1917]=4.8073885
Tue Aug 11 14:42:19 2020:DEBUG:setData: Setting BC_emissions[1918]=4.8094613
Tue Aug 11 14:42:19 2020:DEBUG:setData: Setting BC_emissions[1919]=4.8115341
Tue Aug 11 14:42:19 2020:DEBUG:setData: Setting BC_emissions[1920]=4.8136069
Tue Aug 11 14:42:19 2020:DEBUG:setData: Setting BC_emissions[1921]=4.7987143
Tue Aug 11 14:42:19 2020:DEBUG:setData: Setting BC_emissions[1922]=4.7838218
Tue Aug 11 14:42:19 2020:DEBUG:setData: Setting BC_emissions[1923]=4.7689293
Tue Aug 11 14:42:19 2020:DEBUG:setData: Setting BC_emissions[1924]=4.7540367
Tue Aug 11 14:42:19 2020:DEBUG:setData: Setting BC_emissions[1925]=4.7391442
Tue Aug 11 14:42:19 2020:DEBUG:setData: Setting BC_emissions[1926]=4.7242517
Tue Aug 11 14:42:19 2020:DEBUG:setData: Setting BC_emissions[1927]=4.7093591
Tue Aug 11 14:42:19 2020:DEBUG:setData: Setting BC_emissions[1928]=4.6944666
Tue Aug 11 14:42:19 2020:DEBUG:setData: Setting BC_emissions[1929]=4.6795741
Tue Aug 11 14:42:19 2020:DEBUG:setData: Setting BC_emissions[1930]=4.6646815
Tue Aug 11 14:42:19 2020:DEBUG:setData: Setting BC_emissions[1931]=4.6670964
Tue Aug 11 14:42:19 2020:DEBUG:setData: Setting BC_emissions[1932]=4.6695113
Tue Aug 11 14:42:19 2020:DEBUG:setData: Setting BC_emissions[1933]=4.6719262
Tue Aug 11 14:42:19 2020:DEBUG:setData: Setting BC_emissions[1934]=4.674341
Tue Aug 11 14:42:19 2020:DEBUG:setData: Setting BC_emissions[1935]=4.6767559
Tue Aug 11 14:42:19 2020:DEBUG:setData: Setting BC_emissions[1936]=4.6791708
Tue Aug 11 14:42:19 2020:DEBUG:setData: Setting BC_emissions[1937]=4.6815857
Tue Aug 11 14:42:19 2020:DEBUG:setData: Setting BC_emissions[1938]=4.6840005
Tue Aug 11 14:42:19 2020:DEBUG:setData: Setting BC_emissions[1939]=4.6864154
Tue Aug 11 14:42:19 2020:DEBUG:setData: Setting BC_emissions[1940]=4.6888303
Tue Aug 11 14:42:19 2020:DEBUG:setData: Setting BC_emissions[1941]=4.693243
Tue Aug 11 14:42:19 2020:DEBUG:setData: Setting BC_emissions[1942]=4.6976558
Tue Aug 11 14:42:19 2020:DEBUG:setData: Setting BC_emissions[1943]=4.7020686
Tue Aug 11 14:42:19 2020:DEBUG:setData: Setting BC_emissions[1944]=4.7064813
Tue Aug 11 14:42:19 2020:DEBUG:setData: Setting BC_emissions[1945]=4.7108941
Tue Aug 11 14:42:19 2020:DEBUG:setData: Setting BC_emissions[1946]=4.7153069
Tue Aug 11 14:42:19 2020:DEBUG:setData: Setting BC_emissions[1947]=4.7197196
Tue Aug 11 14:42:19 2020:DEBUG:setData: Setting BC_emissions[1948]=4.7241324
Tue Aug 11 14:42:19 2020:DEBUG:setData: Setting BC_emissions[1949]=4.7285452
Tue Aug 11 14:42:19 2020:DEBUG:setData: Setting BC_emissions[1950]=4.7329579
Tue Aug 11 14:42:19 2020:DEBUG:setData: Setting BC_emissions[1951]=4.7733276
Tue Aug 11 14:42:19 2020:DEBUG:setData: Setting BC_emissions[1952]=4.8136973
Tue Aug 11 14:42:19 2020:DEBUG:setData: Setting BC_emissions[1953]=4.854067
Tue Aug 11 14:42:19 2020:DEBUG:setData: Setting BC_emissions[1954]=4.8944367
Tue Aug 11 14:42:19 2020:DEBUG:setData: Setting BC_emissions[1955]=4.9348064
Tue Aug 11 14:42:19 2020:DEBUG:setData: Setting BC_emissions[1956]=4.9751761
Tue Aug 11 14:42:19 2020:DEBUG:setData: Setting BC_emissions[1957]=5.0155458
Tue Aug 11 14:42:19 2020:DEBUG:setData: Setting BC_emissions[1958]=5.0559155
Tue Aug 11 14:42:19 2020:DEBUG:setData: Setting BC_emissions[1959]=5.0962852
Tue Aug 11 14:42:19 2020:DEBUG:setData: Setting BC_emissions[1960]=5.1366549
Tue Aug 11 14:42:19 2020:DEBUG:setData: Setting BC_emissions[1961]=5.1795997
Tue Aug 11 14:42:19 2020:DEBUG:setData: Setting BC_emissions[1962]=5.2225445
Tue Aug 11 14:42:19 2020:DEBUG:setData: Setting BC_emissions[1963]=5.2654893
Tue Aug 11 14:42:19 2020:DEBUG:setData: Setting BC_emissions[1964]=5.3084341
Tue Aug 11 14:42:19 2020:DEBUG:setData: Setting BC_emissions[1965]=5.3513789
Tue Aug 11 14:42:19 2020:DEBUG:setData: Setting BC_emissions[1966]=5.3943237
Tue Aug 11 14:42:19 2020:DEBUG:setData: Setting BC_emissions[1967]=5.4372685
Tue Aug 11 14:42:19 2020:DEBUG:setData: Setting BC_emissions[1968]=5.4802133
Tue Aug 11 14:42:19 2020:DEBUG:setData: Setting BC_emissions[1969]=5.5231581
Tue Aug 11 14:42:19 2020:DEBUG:setData: Setting BC_emissions[1970]=5.5661029
Tue Aug 11 14:42:19 2020:DEBUG:setData: Setting BC_emissions[1971]=5.7038725
Tue Aug 11 14:42:19 2020:DEBUG:setData: Setting BC_emissions[1972]=5.8416421
Tue Aug 11 14:42:19 2020:DEBUG:setData: Setting BC_emissions[1973]=5.9794117
Tue Aug 11 14:42:19 2020:DEBUG:setData: Setting BC_emissions[1974]=6.1171813
Tue Aug 11 14:42:19 2020:DEBUG:setData: Setting BC_emissions[1975]=6.2549509
Tue Aug 11 14:42:19 2020:DEBUG:setData: Setting BC_emissions[1976]=6.3927205
Tue Aug 11 14:42:19 2020:DEBUG:setData: Setting BC_emissions[1977]=6.5304901
Tue Aug 11 14:42:19 2020:DEBUG:setData: Setting BC_emissions[1978]=6.6682597
Tue Aug 11 14:42:19 2020:DEBUG:setData: Setting BC_emissions[1979]=6.8060293
Tue Aug 11 14:42:19 2020:DEBUG:setData: Setting BC_emissions[1980]=6.9437989
Tue Aug 11 14:42:19 2020:DEBUG:setData: Setting BC_emissions[1981]=7.0210048
Tue Aug 11 14:42:19 2020:DEBUG:setData: Setting BC_emissions[1982]=7.0982107
Tue Aug 11 14:42:19 2020:DEBUG:setData: Setting BC_emissions[1983]=7.1754165
Tue Aug 11 14:42:19 2020:DEBUG:setData: Setting BC_emissions[1984]=7.2526224
Tue Aug 11 14:42:19 2020:DEBUG:setData: Setting BC_emissions[1985]=7.3298282
Tue Aug 11 14:42:19 2020:DEBUG:setData: Setting BC_emissions[1986]=7.4070341
Tue Aug 11 14:42:19 2020:DEBUG:setData: Setting BC_emissions[1987]=7.48424
Tue Aug 11 14:42:19 2020:DEBUG:setData: Setting BC_emissions[1988]=7.5614458
Tue Aug 11 14:42:19 2020:DEBUG:setData: Setting BC_emissions[1989]=7.6386517
Tue Aug 11 14:42:19 2020:DEBUG:setData: Setting BC_emissions[1990]=7.7158575
Tue Aug 11 14:42:19 2020:DEBUG:setData: Setting BC_emissions[1991]=7.7247518
Tue Aug 11 14:42:19 2020:DEBUG:setData: Setting BC_emissions[1992]=7.733646
Tue Aug 11 14:42:19 2020:DEBUG:setData: Setting BC_emissions[1993]=7.7425403
Tue Aug 11 14:42:19 2020:DEBUG:setData: Setting BC_emissions[1994]=7.7514345
Tue Aug 11 14:42:19 2020:DEBUG:setData: Setting BC_emissions[1995]=7.7603288
Tue Aug 11 14:42:19 2020:DEBUG:setData: Setting BC_emissions[1996]=7.769223
Tue Aug 11 14:42:19 2020:DEBUG:setData: Setting BC_emissions[1997]=7.7781173
Tue Aug 11 14:42:19 2020:DEBUG:setData: Setting BC_emissions[1998]=7.7870115
Tue Aug 11 14:42:19 2020:DEBUG:setData: Setting BC_emissions[1999]=7.7959058
Tue Aug 11 14:42:19 2020:DEBUG:setData: Setting BC_emissions[2000]=7.8048
Tue Aug 11 14:42:19 2020:DEBUG:setData: Setting BC_emissions[2001]=7.8945
Tue Aug 11 14:42:19 2020:DEBUG:setData: Setting BC_emissions[2002]=7.9842
Tue Aug 11 14:42:19 2020:DEBUG:setData: Setting BC_emissions[2003]=8.0734
Tue Aug 11 14:42:19 2020:DEBUG:setData: Setting BC_emissions[2004]=8.1623
Tue Aug 11 14:42:19 2020:DEBUG:setData: Setting BC_emissions[2005]=8.2512
Tue Aug 11 14:42:19 2020:DEBUG:setData: Setting BC_emissions[2006]=8.3258
Tue Aug 11 14:42:19 2020:DEBUG:setData: Setting BC_emissions[2007]=8.4003
Tue Aug 11 14:42:19 2020:DEBUG:setData: Setting BC_emissions[2008]=8.4745333
Tue Aug 11 14:42:19 2020:DEBUG:setData: Setting BC_emissions[2009]=8.5487667
Tue Aug 11 14:42:19 2020:DEBUG:setData: Setting BC_emissions[2010]=8.623
Tue Aug 11 14:42:19 2020:DEBUG:setData: Setting BC_emissions[2011]=8.5989
Tue Aug 11 14:42:19 2020:DEBUG:setData: Setting BC_emissions[2012]=8.5748
Tue Aug 11 14:42:19 2020:DEBUG:setData: Setting BC_emissions[2013]=8.5507
Tue Aug 11 14:42:19 2020:DEBUG:setData: Setting BC_emissions[2014]=8.5266
Tue Aug 11 14:42:19 2020:DEBUG:setData: Setting BC_emissions[2015]=8.5025
Tue Aug 11 14:42:19 2020:DEBUG:setData: Setting BC_emissions[2016]=8.4784
Tue Aug 11 14:42:19 2020:DEBUG:setData: Setting BC_emissions[2017]=8.4543
Tue Aug 11 14:42:19 2020:DEBUG:setData: Setting BC_emissions[2018]=8.4302
Tue Aug 11 14:42:19 2020:DEBUG:setData: Setting BC_emissions[2019]=8.4061
Tue Aug 11 14:42:19 2020:DEBUG:setData: Setting BC_emissions[2020]=8.382
Tue Aug 11 14:42:19 2020:DEBUG:setData: Setting BC_emissions[2021]=8.23806
Tue Aug 11 14:42:19 2020:DEBUG:setData: Setting BC_emissions[2022]=8.09412
Tue Aug 11 14:42:19 2020:DEBUG:setData: Setting BC_emissions[2023]=7.95018
Tue Aug 11 14:42:19 2020:DEBUG:setData: Setting BC_emissions[2024]=7.80624
Tue Aug 11 14:42:19 2020:DEBUG:setData: Setting BC_emissions[2025]=7.6623
Tue Aug 11 14:42:19 2020:DEBUG:setData: Setting BC_emissions[2026]=7.51836
Tue Aug 11 14:42:19 2020:DEBUG:setData: Setting BC_emissions[2027]=7.37442
Tue Aug 11 14:42:19 2020:DEBUG:setData: Setting BC_emissions[2028]=7.23048
Tue Aug 11 14:42:19 2020:DEBUG:setData: Setting BC_emissions[2029]=7.08654
Tue Aug 11 14:42:19 2020:DEBUG:setData: Setting BC_emissions[2030]=6.9426
Tue Aug 11 14:42:19 2020:DEBUG:setData: Setting BC_emissions[2031]=6.81693
Tue Aug 11 14:42:19 2020:DEBUG:setData: Setting BC_emissions[2032]=6.69126
Tue Aug 11 14:42:19 2020:DEBUG:setData: Setting BC_emissions[2033]=6.56559
Tue Aug 11 14:42:19 2020:DEBUG:setData: Setting BC_emissions[2034]=6.43992
Tue Aug 11 14:42:19 2020:DEBUG:setData: Setting BC_emissions[2035]=6.31425
Tue Aug 11 14:42:19 2020:DEBUG:setData: Setting BC_emissions[2036]=6.18858
Tue Aug 11 14:42:19 2020:DEBUG:setData: Setting BC_emissions[2037]=6.06291
Tue Aug 11 14:42:19 2020:DEBUG:setData: Setting BC_emissions[2038]=5.93724
Tue Aug 11 14:42:19 2020:DEBUG:setData: Setting BC_emissions[2039]=5.81157
Tue Aug 11 14:42:19 2020:DEBUG:setData: Setting BC_emissions[2040]=5.6859
Tue Aug 11 14:42:19 2020:DEBUG:setData: Setting BC_emissions[2041]=5.61136
Tue Aug 11 14:42:19 2020:DEBUG:setData: Setting BC_emissions[2042]=5.53682
Tue Aug 11 14:42:19 2020:DEBUG:setData: Setting BC_emissions[2043]=5.46228
Tue Aug 11 14:42:19 2020:DEBUG:setData: Setting BC_emissions[2044]=5.38774
Tue Aug 11 14:42:19 2020:DEBUG:setData: Setting BC_emissions[2045]=5.3132
Tue Aug 11 14:42:19 2020:DEBUG:setData: Setting BC_emissions[2046]=5.23866
Tue Aug 11 14:42:19 2020:DEBUG:setData: Setting BC_emissions[2047]=5.16412
Tue Aug 11 14:42:19 2020:DEBUG:setData: Setting BC_emissions[2048]=5.08958
Tue Aug 11 14:42:19 2020:DEBUG:setData: Setting BC_emissions[2049]=5.01504
Tue Aug 11 14:42:19 2020:DEBUG:setData: Setting BC_emissions[2050]=4.9405
Tue Aug 11 14:42:19 2020:DEBUG:setData: Setting BC_emissions[2051]=4.88943
Tue Aug 11 14:42:19 2020:DEBUG:setData: Setting BC_emissions[2052]=4.83836
Tue Aug 11 14:42:19 2020:DEBUG:setData: Setting BC_emissions[2053]=4.78729
Tue Aug 11 14:42:19 2020:DEBUG:setData: Setting BC_emissions[2054]=4.73622
Tue Aug 11 14:42:19 2020:DEBUG:setData: Setting BC_emissions[2055]=4.68515
Tue Aug 11 14:42:19 2020:DEBUG:setData: Setting BC_emissions[2056]=4.63408
Tue Aug 11 14:42:19 2020:DEBUG:setData: Setting BC_emissions[2057]=4.58301
Tue Aug 11 14:42:19 2020:DEBUG:setData: Setting BC_emissions[2058]=4.53194
Tue Aug 11 14:42:19 2020:DEBUG:setData: Setting BC_emissions[2059]=4.48087
Tue Aug 11 14:42:19 2020:DEBUG:setData: Setting BC_emissions[2060]=4.4298
Tue Aug 11 14:42:19 2020:DEBUG:setData: Setting BC_emissions[2061]=4.38112
Tue Aug 11 14:42:19 2020:DEBUG:setData: Setting BC_emissions[2062]=4.33244
Tue Aug 11 14:42:19 2020:DEBUG:setData: Setting BC_emissions[2063]=4.28376
Tue Aug 11 14:42:19 2020:DEBUG:setData: Setting BC_emissions[2064]=4.23508
Tue Aug 11 14:42:19 2020:DEBUG:setData: Setting BC_emissions[2065]=4.1864
Tue Aug 11 14:42:19 2020:DEBUG:setData: Setting BC_emissions[2066]=4.13772
Tue Aug 11 14:42:19 2020:DEBUG:setData: Setting BC_emissions[2067]=4.08904
Tue Aug 11 14:42:19 2020:DEBUG:setData: Setting BC_emissions[2068]=4.04036
Tue Aug 11 14:42:19 2020:DEBUG:setData: Setting BC_emissions[2069]=3.99168
Tue Aug 11 14:42:19 2020:DEBUG:setData: Setting BC_emissions[2070]=3.943
Tue Aug 11 14:42:19 2020:DEBUG:setData: Setting BC_emissions[2071]=3.91608
Tue Aug 11 14:42:19 2020:DEBUG:setData: Setting BC_emissions[2072]=3.88916
Tue Aug 11 14:42:19 2020:DEBUG:setData: Setting BC_emissions[2073]=3.86224
Tue Aug 11 14:42:19 2020:DEBUG:setData: Setting BC_emissions[2074]=3.83532
Tue Aug 11 14:42:19 2020:DEBUG:setData: Setting BC_emissions[2075]=3.8084
Tue Aug 11 14:42:19 2020:DEBUG:setData: Setting BC_emissions[2076]=3.78148
Tue Aug 11 14:42:19 2020:DEBUG:setData: Setting BC_emissions[2077]=3.75456
Tue Aug 11 14:42:19 2020:DEBUG:setData: Setting BC_emissions[2078]=3.72764
Tue Aug 11 14:42:19 2020:DEBUG:setData: Setting BC_emissions[2079]=3.70072
Tue Aug 11 14:42:19 2020:DEBUG:setData: Setting BC_emissions[2080]=3.6738
Tue Aug 11 14:42:19 2020:DEBUG:setData: Setting BC_emissions[2081]=3.66094
Tue Aug 11 14:42:19 2020:DEBUG:setData: Setting BC_emissions[2082]=3.64808
Tue Aug 11 14:42:19 2020:DEBUG:setData: Setting BC_emissions[2083]=3.63522
Tue Aug 11 14:42:19 2020:DEBUG:setData: Setting BC_emissions[2084]=3.62236
Tue Aug 11 14:42:19 2020:DEBUG:setData: Setting BC_emissions[2085]=3.6095
Tue Aug 11 14:42:19 2020:DEBUG:setData: Setting BC_emissions[2086]=3.59664
Tue Aug 11 14:42:19 2020:DEBUG:setData: Setting BC_emissions[2087]=3.58378
Tue Aug 11 14:42:19 2020:DEBUG:setData: Setting BC_emissions[2088]=3.57092
Tue Aug 11 14:42:19 2020:DEBUG:setData: Setting BC_emissions[2089]=3.55806
Tue Aug 11 14:42:19 2020:DEBUG:setData: Setting BC_emissions[2090]=3.5452
Tue Aug 11 14:42:19 2020:DEBUG:setData: Setting BC_emissions[2091]=3.52646
Tue Aug 11 14:42:19 2020:DEBUG:setData: Setting BC_emissions[2092]=3.50772
Tue Aug 11 14:42:19 2020:DEBUG:setData: Setting BC_emissions[2093]=3.48898
Tue Aug 11 14:42:19 2020:DEBUG:setData: Setting BC_emissions[2094]=3.47024
Tue Aug 11 14:42:19 2020:DEBUG:setData: Setting BC_emissions[2095]=3.4515
Tue Aug 11 14:42:19 2020:DEBUG:setData: Setting BC_emissions[2096]=3.43276
Tue Aug 11 14:42:19 2020:DEBUG:setData: Setting BC_emissions[2097]=3.41402
Tue Aug 11 14:42:19 2020:DEBUG:setData: Setting BC_emissions[2098]=3.39528
Tue Aug 11 14:42:19 2020:DEBUG:setData: Setting BC_emissions[2099]=3.37654
Tue Aug 11 14:42:19 2020:DEBUG:setData: Setting BC_emissions[2100]=3.3578
Tue Aug 11 14:42:19 2020:DEBUG:setData: Setting BC_emissions[2101]=3.3578
Tue Aug 11 14:42:19 2020:DEBUG:setData: Setting BC_emissions[2102]=3.3578
Tue Aug 11 14:42:19 2020:DEBUG:setData: Setting BC_emissions[2103]=3.3578
Tue Aug 11 14:42:19 2020:DEBUG:setData: Setting BC_emissions[2104]=3.3578
Tue Aug 11 14:42:19 2020:DEBUG:setData: Setting BC_emissions[2105]=3.3578
Tue Aug 11 14:42:19 2020:DEBUG:setData: Setting BC_emissions[2106]=3.3578
Tue Aug 11 14:42:19 2020:DEBUG:setData: Setting BC_emissions[2107]=3.3578
Tue Aug 11 14:42:19 2020:DEBUG:setData: Setting BC_emissions[2108]=3.3578
Tue Aug 11 14:42:19 2020:DEBUG:setData: Setting BC_emissions[2109]=3.3578
Tue Aug 11 14:42:19 2020:DEBUG:setData: Setting BC_emissions[2110]=3.3578
Tue Aug 11 14:42:19 2020:DEBUG:setData: Setting BC_emissions[2111]=3.3578
Tue Aug 11 14:42:19 2020:DEBUG:setData: Setting BC_emissions[2112]=3.3578
Tue Aug 11 14:42:19 2020:DEBUG:setData: Setting BC_emissions[2113]=3.3578
Tue Aug 11 14:42:19 2020:DEBUG:setData: Setting BC_emissions[2114]=3.3578
Tue Aug 11 14:42:19 2020:DEBUG:setData: Setting BC_emissions[2115]=3.3578
Tue Aug 11 14:42:19 2020:DEBUG:setData: Setting BC_emissions[2116]=3.3578
Tue Aug 11 14:42:19 2020:DEBUG:setData: Setting BC_emissions[2117]=3.3578
Tue Aug 11 14:42:19 2020:DEBUG:setData: Setting BC_emissions[2118]=3.3578
Tue Aug 11 14:42:19 2020:DEBUG:setData: Setting BC_emissions[2119]=3.3578
Tue Aug 11 14:42:19 2020:DEBUG:setData: Setting BC_emissions[2120]=3.3578
Tue Aug 11 14:42:19 2020:DEBUG:setData: Setting BC_emissions[2121]=3.3578
Tue Aug 11 14:42:19 2020:DEBUG:setData: Setting BC_emissions[2122]=3.3578
Tue Aug 11 14:42:19 2020:DEBUG:setData: Setting BC_emissions[2123]=3.3578
Tue Aug 11 14:42:19 2020:DEBUG:setData: Setting BC_emissions[2124]=3.3578
Tue Aug 11 14:42:19 2020:DEBUG:setData: Setting BC_emissions[2125]=3.3578
Tue Aug 11 14:42:19 2020:DEBUG:setData: Setting BC_emissions[2126]=3.3578
Tue Aug 11 14:42:19 2020:DEBUG:setData: Setting BC_emissions[2127]=3.3578
Tue Aug 11 14:42:19 2020:DEBUG:setData: Setting BC_emissions[2128]=3.3578
Tue Aug 11 14:42:19 2020:DEBUG:setData: Setting BC_emissions[2129]=3.3578
Tue Aug 11 14:42:19 2020:DEBUG:setData: Setting BC_emissions[2130]=3.3578
Tue Aug 11 14:42:19 2020:DEBUG:setData: Setting BC_emissions[2131]=3.3578
Tue Aug 11 14:42:19 2020:DEBUG:setData: Setting BC_emissions[2132]=3.3578
Tue Aug 11 14:42:19 2020:DEBUG:setData: Setting BC_emissions[2133]=3.3578
Tue Aug 11 14:42:19 2020:DEBUG:setData: Setting BC_emissions[2134]=3.3578
Tue Aug 11 14:42:19 2020:DEBUG:setData: Setting BC_emissions[2135]=3.3578
Tue Aug 11 14:42:19 2020:DEBUG:setData: Setting BC_emissions[2136]=3.3578
Tue Aug 11 14:42:19 2020:DEBUG:setData: Setting BC_emissions[2137]=3.3578
Tue Aug 11 14:42:19 2020:DEBUG:setData: Setting BC_emissions[2138]=3.3578
Tue Aug 11 14:42:19 2020:DEBUG:setData: Setting BC_emissions[2139]=3.3578
Tue Aug 11 14:42:19 2020:DEBUG:setData: Setting BC_emissions[2140]=3.3578
Tue Aug 11 14:42:19 2020:DEBUG:setData: Setting BC_emissions[2141]=3.3578
Tue Aug 11 14:42:19 2020:DEBUG:setData: Setting BC_emissions[2142]=3.3578
Tue Aug 11 14:42:19 2020:DEBUG:setData: Setting BC_emissions[2143]=3.3578
Tue Aug 11 14:42:19 2020:DEBUG:setData: Setting BC_emissions[2144]=3.3578
Tue Aug 11 14:42:19 2020:DEBUG:setData: Setting BC_emissions[2145]=3.3578
Tue Aug 11 14:42:19 2020:DEBUG:setData: Setting BC_emissions[2146]=3.3578
Tue Aug 11 14:42:19 2020:DEBUG:setData: Setting BC_emissions[2147]=3.3578
Tue Aug 11 14:42:19 2020:DEBUG:setData: Setting BC_emissions[2148]=3.3578
Tue Aug 11 14:42:19 2020:DEBUG:setData: Setting BC_emissions[2149]=3.3578
Tue Aug 11 14:42:19 2020:DEBUG:setData: Setting BC_emissions[2150]=3.3578
Tue Aug 11 14:42:19 2020:DEBUG:setData: Setting BC_emissions[2151]=3.3578
Tue Aug 11 14:42:19 2020:DEBUG:setData: Setting BC_emissions[2152]=3.3578
Tue Aug 11 14:42:19 2020:DEBUG:setData: Setting BC_emissions[2153]=3.3578
Tue Aug 11 14:42:19 2020:DEBUG:setData: Setting BC_emissions[2154]=3.3578
Tue Aug 11 14:42:19 2020:DEBUG:setData: Setting BC_emissions[2155]=3.3578
Tue Aug 11 14:42:19 2020:DEBUG:setData: Setting BC_emissions[2156]=3.3578
Tue Aug 11 14:42:19 2020:DEBUG:setData: Setting BC_emissions[2157]=3.3578
Tue Aug 11 14:42:19 2020:DEBUG:setData: Setting BC_emissions[2158]=3.3578
Tue Aug 11 14:42:19 2020:DEBUG:setData: Setting BC_emissions[2159]=3.3578
Tue Aug 11 14:42:19 2020:DEBUG:setData: Setting BC_emissions[2160]=3.3578
Tue Aug 11 14:42:19 2020:DEBUG:setData: Setting BC_emissions[2161]=3.3578
Tue Aug 11 14:42:19 2020:DEBUG:setData: Setting BC_emissions[2162]=3.3578
Tue Aug 11 14:42:19 2020:DEBUG:setData: Setting BC_emissions[2163]=3.3578
Tue Aug 11 14:42:19 2020:DEBUG:setData: Setting BC_emissions[2164]=3.3578
Tue Aug 11 14:42:19 2020:DEBUG:setData: Setting BC_emissions[2165]=3.3578
Tue Aug 11 14:42:19 2020:DEBUG:setData: Setting BC_emissions[2166]=3.3578
Tue Aug 11 14:42:19 2020:DEBUG:setData: Setting BC_emissions[2167]=3.3578
Tue Aug 11 14:42:19 2020:DEBUG:setData: Setting BC_emissions[2168]=3.3578
Tue Aug 11 14:42:19 2020:DEBUG:setData: Setting BC_emissions[2169]=3.3578
Tue Aug 11 14:42:19 2020:DEBUG:setData: Setting BC_emissions[2170]=3.3578
Tue Aug 11 14:42:19 2020:DEBUG:setData: Setting BC_emissions[2171]=3.3578
Tue Aug 11 14:42:19 2020:DEBUG:setData: Setting BC_emissions[2172]=3.3578
Tue Aug 11 14:42:19 2020:DEBUG:setData: Setting BC_emissions[2173]=3.3578
Tue Aug 11 14:42:19 2020:DEBUG:setData: Setting BC_emissions[2174]=3.3578
Tue Aug 11 14:42:19 2020:DEBUG:setData: Setting BC_emissions[2175]=3.3578
Tue Aug 11 14:42:19 2020:DEBUG:setData: Setting BC_emissions[2176]=3.3578
Tue Aug 11 14:42:19 2020:DEBUG:setData: Setting BC_emissions[2177]=3.3578
Tue Aug 11 14:42:19 2020:DEBUG:setData: Setting BC_emissions[2178]=3.3578
Tue Aug 11 14:42:19 2020:DEBUG:setData: Setting BC_emissions[2179]=3.3578
Tue Aug 11 14:42:19 2020:DEBUG:setData: Setting BC_emissions[2180]=3.3578
Tue Aug 11 14:42:19 2020:DEBUG:setData: Setting BC_emissions[2181]=3.3578
Tue Aug 11 14:42:19 2020:DEBUG:setData: Setting BC_emissions[2182]=3.3578
Tue Aug 11 14:42:19 2020:DEBUG:setData: Setting BC_emissions[2183]=3.3578
Tue Aug 11 14:42:19 2020:DEBUG:setData: Setting BC_emissions[2184]=3.3578
Tue Aug 11 14:42:19 2020:DEBUG:setData: Setting BC_emissions[2185]=3.3578
Tue Aug 11 14:42:19 2020:DEBUG:setData: Setting BC_emissions[2186]=3.3578
Tue Aug 11 14:42:19 2020:DEBUG:setData: Setting BC_emissions[2187]=3.3578
Tue Aug 11 14:42:19 2020:DEBUG:setData: Setting BC_emissions[2188]=3.3578
Tue Aug 11 14:42:19 2020:DEBUG:setData: Setting BC_emissions[2189]=3.3578
Tue Aug 11 14:42:19 2020:DEBUG:setData: Setting BC_emissions[2190]=3.3578
Tue Aug 11 14:42:19 2020:DEBUG:setData: Setting BC_emissions[2191]=3.3578
Tue Aug 11 14:42:19 2020:DEBUG:setData: Setting BC_emissions[2192]=3.3578
Tue Aug 11 14:42:19 2020:DEBUG:setData: Setting BC_emissions[2193]=3.3578
Tue Aug 11 14:42:19 2020:DEBUG:setData: Setting BC_emissions[2194]=3.3578
Tue Aug 11 14:42:19 2020:DEBUG:setData: Setting BC_emissions[2195]=3.3578
Tue Aug 11 14:42:19 2020:DEBUG:setData: Setting BC_emissions[2196]=3.3578
Tue Aug 11 14:42:19 2020:DEBUG:setData: Setting BC_emissions[2197]=3.3578
Tue Aug 11 14:42:19 2020:DEBUG:setData: Setting BC_emissions[2198]=3.3578
Tue Aug 11 14:42:19 2020:DEBUG:setData: Setting BC_emissions[2199]=3.3578
Tue Aug 11 14:42:19 2020:DEBUG:setData: Setting BC_emissions[2200]=3.3578
Tue Aug 11 14:42:19 2020:DEBUG:setData: Setting BC_emissions[2201]=3.3578
Tue Aug 11 14:42:19 2020:DEBUG:setData: Setting BC_emissions[2202]=3.3578
Tue Aug 11 14:42:19 2020:DEBUG:setData: Setting BC_emissions[2203]=3.3578
Tue Aug 11 14:42:19 2020:DEBUG:setData: Setting BC_emissions[2204]=3.3578
Tue Aug 11 14:42:19 2020:DEBUG:setData: Setting BC_emissions[2205]=3.3578
Tue Aug 11 14:42:19 2020:DEBUG:setData: Setting BC_emissions[2206]=3.3578
Tue Aug 11 14:42:19 2020:DEBUG:setData: Setting BC_emissions[2207]=3.3578
Tue Aug 11 14:42:19 2020:DEBUG:setData: Setting BC_emissions[2208]=3.3578
Tue Aug 11 14:42:19 2020:DEBUG:setData: Setting BC_emissions[2209]=3.3578
Tue Aug 11 14:42:19 2020:DEBUG:setData: Setting BC_emissions[2210]=3.3578
Tue Aug 11 14:42:19 2020:DEBUG:setData: Setting BC_emissions[2211]=3.3578
Tue Aug 11 14:42:19 2020:DEBUG:setData: Setting BC_emissions[2212]=3.3578
Tue Aug 11 14:42:19 2020:DEBUG:setData: Setting BC_emissions[2213]=3.3578
Tue Aug 11 14:42:19 2020:DEBUG:setData: Setting BC_emissions[2214]=3.3578
Tue Aug 11 14:42:19 2020:DEBUG:setData: Setting BC_emissions[2215]=3.3578
Tue Aug 11 14:42:19 2020:DEBUG:setData: Setting BC_emissions[2216]=3.3578
Tue Aug 11 14:42:19 2020:DEBUG:setData: Setting BC_emissions[2217]=3.3578
Tue Aug 11 14:42:19 2020:DEBUG:setData: Setting BC_emissions[2218]=3.3578
Tue Aug 11 14:42:19 2020:DEBUG:setData: Setting BC_emissions[2219]=3.3578
Tue Aug 11 14:42:19 2020:DEBUG:setData: Setting BC_emissions[2220]=3.3578
Tue Aug 11 14:42:19 2020:DEBUG:setData: Setting BC_emissions[2221]=3.3578
Tue Aug 11 14:42:19 2020:DEBUG:setData: Setting BC_emissions[2222]=3.3578
Tue Aug 11 14:42:19 2020:DEBUG:setData: Setting BC_emissions[2223]=3.3578
Tue Aug 11 14:42:19 2020:DEBUG:setData: Setting BC_emissions[2224]=3.3578
Tue Aug 11 14:42:19 2020:DEBUG:setData: Setting BC_emissions[2225]=3.3578
Tue Aug 11 14:42:19 2020:DEBUG:setData: Setting BC_emissions[2226]=3.3578
Tue Aug 11 14:42:19 2020:DEBUG:setData: Setting BC_emissions[2227]=3.3578
Tue Aug 11 14:42:19 2020:DEBUG:setData: Setting BC_emissions[2228]=3.3578
Tue Aug 11 14:42:19 2020:DEBUG:setData: Setting BC_emissions[2229]=3.3578
Tue Aug 11 14:42:19 2020:DEBUG:setData: Setting BC_emissions[2230]=3.3578
Tue Aug 11 14:42:19 2020:DEBUG:setData: Setting BC_emissions[2231]=3.3578
Tue Aug 11 14:42:19 2020:DEBUG:setData: Setting BC_emissions[2232]=3.3578
Tue Aug 11 14:42:19 2020:DEBUG:setData: Setting BC_emissions[2233]=3.3578
Tue Aug 11 14:42:19 2020:DEBUG:setData: Setting BC_emissions[2234]=3.3578
Tue Aug 11 14:42:19 2020:DEBUG:setData: Setting BC_emissions[2235]=3.3578
Tue Aug 11 14:42:19 2020:DEBUG:setData: Setting BC_emissions[2236]=3.3578
Tue Aug 11 14:42:19 2020:DEBUG:setData: Setting BC_emissions[2237]=3.3578
Tue Aug 11 14:42:19 2020:DEBUG:setData: Setting BC_emissions[2238]=3.3578
Tue Aug 11 14:42:19 2020:DEBUG:setData: Setting BC_emissions[2239]=3.3578
Tue Aug 11 14:42:19 2020:DEBUG:setData: Setting BC_emissions[2240]=3.3578
Tue Aug 11 14:42:19 2020:DEBUG:setData: Setting BC_emissions[2241]=3.3578
Tue Aug 11 14:42:19 2020:DEBUG:setData: Setting BC_emissions[2242]=3.3578
Tue Aug 11 14:42:19 2020:DEBUG:setData: Setting BC_emissions[2243]=3.3578
Tue Aug 11 14:42:19 2020:DEBUG:setData: Setting BC_emissions[2244]=3.3578
Tue Aug 11 14:42:19 2020:DEBUG:setData: Setting BC_emissions[2245]=3.3578
Tue Aug 11 14:42:19 2020:DEBUG:setData: Setting BC_emissions[2246]=3.3578
Tue Aug 11 14:42:19 2020:DEBUG:setData: Setting BC_emissions[2247]=3.3578
Tue Aug 11 14:42:19 2020:DEBUG:setData: Setting BC_emissions[2248]=3.3578
Tue Aug 11 14:42:19 2020:DEBUG:setData: Setting BC_emissions[2249]=3.3578
Tue Aug 11 14:42:19 2020:DEBUG:setData: Setting BC_emissions[2250]=3.3578
Tue Aug 11 14:42:19 2020:DEBUG:setData: Setting BC_emissions[2251]=3.3578
Tue Aug 11 14:42:19 2020:DEBUG:setData: Setting BC_emissions[2252]=3.3578
Tue Aug 11 14:42:19 2020:DEBUG:setData: Setting BC_emissions[2253]=3.3578
Tue Aug 11 14:42:19 2020:DEBUG:setData: Setting BC_emissions[2254]=3.3578
Tue Aug 11 14:42:19 2020:DEBUG:setData: Setting BC_emissions[2255]=3.3578
Tue Aug 11 14:42:19 2020:DEBUG:setData: Setting BC_emissions[2256]=3.3578
Tue Aug 11 14:42:19 2020:DEBUG:setData: Setting BC_emissions[2257]=3.3578
Tue Aug 11 14:42:19 2020:DEBUG:setData: Setting BC_emissions[2258]=3.3578
Tue Aug 11 14:42:19 2020:DEBUG:setData: Setting BC_emissions[2259]=3.3578
Tue Aug 11 14:42:19 2020:DEBUG:setData: Setting BC_emissions[2260]=3.3578
Tue Aug 11 14:42:19 2020:DEBUG:setData: Setting BC_emissions[2261]=3.3578
Tue Aug 11 14:42:19 2020:DEBUG:setData: Setting BC_emissions[2262]=3.3578
Tue Aug 11 14:42:19 2020:DEBUG:setData: Setting BC_emissions[2263]=3.3578
Tue Aug 11 14:42:19 2020:DEBUG:setData: Setting BC_emissions[2264]=3.3578
Tue Aug 11 14:42:19 2020:DEBUG:setData: Setting BC_emissions[2265]=3.3578
Tue Aug 11 14:42:19 2020:DEBUG:setData: Setting BC_emissions[2266]=3.3578
Tue Aug 11 14:42:19 2020:DEBUG:setData: Setting BC_emissions[2267]=3.3578
Tue Aug 11 14:42:19 2020:DEBUG:setData: Setting BC_emissions[2268]=3.3578
Tue Aug 11 14:42:19 2020:DEBUG:setData: Setting BC_emissions[2269]=3.3578
Tue Aug 11 14:42:19 2020:DEBUG:setData: Setting BC_emissions[2270]=3.3578
Tue Aug 11 14:42:19 2020:DEBUG:setData: Setting BC_emissions[2271]=3.3578
Tue Aug 11 14:42:19 2020:DEBUG:setData: Setting BC_emissions[2272]=3.3578
Tue Aug 11 14:42:19 2020:DEBUG:setData: Setting BC_emissions[2273]=3.3578
Tue Aug 11 14:42:19 2020:DEBUG:setData: Setting BC_emissions[2274]=3.3578
Tue Aug 11 14:42:19 2020:DEBUG:setData: Setting BC_emissions[2275]=3.3578
Tue Aug 11 14:42:19 2020:DEBUG:setData: Setting BC_emissions[2276]=3.3578
Tue Aug 11 14:42:19 2020:DEBUG:setData: Setting BC_emissions[2277]=3.3578
Tue Aug 11 14:42:19 2020:DEBUG:setData: Setting BC_emissions[2278]=3.3578
Tue Aug 11 14:42:19 2020:DEBUG:setData: Setting BC_emissions[2279]=3.3578
Tue Aug 11 14:42:19 2020:DEBUG:setData: Setting BC_emissions[2280]=3.3578
Tue Aug 11 14:42:19 2020:DEBUG:setData: Setting BC_emissions[2281]=3.3578
Tue Aug 11 14:42:19 2020:DEBUG:setData: Setting BC_emissions[2282]=3.3578
Tue Aug 11 14:42:19 2020:DEBUG:setData: Setting BC_emissions[2283]=3.3578
Tue Aug 11 14:42:19 2020:DEBUG:setData: Setting BC_emissions[2284]=3.3578
Tue Aug 11 14:42:19 2020:DEBUG:setData: Setting BC_emissions[2285]=3.3578
Tue Aug 11 14:42:19 2020:DEBUG:setData: Setting BC_emissions[2286]=3.3578
Tue Aug 11 14:42:19 2020:DEBUG:setData: Setting BC_emissions[2287]=3.3578
Tue Aug 11 14:42:19 2020:DEBUG:setData: Setting BC_emissions[2288]=3.3578
Tue Aug 11 14:42:19 2020:DEBUG:setData: Setting BC_emissions[2289]=3.3578
Tue Aug 11 14:42:19 2020:DEBUG:setData: Setting BC_emissions[2290]=3.3578
Tue Aug 11 14:42:19 2020:DEBUG:setData: Setting BC_emissions[2291]=3.3578
Tue Aug 11 14:42:19 2020:DEBUG:setData: Setting BC_emissions[2292]=3.3578
Tue Aug 11 14:42:19 2020:DEBUG:setData: Setting BC_emissions[2293]=3.3578
Tue Aug 11 14:42:19 2020:DEBUG:setData: Setting BC_emissions[2294]=3.3578
Tue Aug 11 14:42:19 2020:DEBUG:setData: Setting BC_emissions[2295]=3.3578
Tue Aug 11 14:42:19 2020:DEBUG:setData: Setting BC_emissions[2296]=3.3578
Tue Aug 11 14:42:19 2020:DEBUG:setData: Setting BC_emissions[2297]=3.3578
Tue Aug 11 14:42:19 2020:DEBUG:setData: Setting BC_emissions[2298]=3.3578
Tue Aug 11 14:42:19 2020:DEBUG:setData: Setting BC_emissions[2299]=3.3578
Tue Aug 11 14:42:19 2020:DEBUG:setData: Setting BC_emissions[2300]=3.3578
Tue Aug 11 14:42:19 2020:DEBUG:setData: Setting BC_emissions[2301]=3.3578
Tue Aug 11 14:42:19 2020:DEBUG:setData: Setting BC_emissions[2302]=3.3578
Tue Aug 11 14:42:19 2020:DEBUG:setData: Setting BC_emissions[2303]=3.3578
Tue Aug 11 14:42:19 2020:DEBUG:setData: Setting BC_emissions[2304]=3.3578
Tue Aug 11 14:42:19 2020:DEBUG:setData: Setting BC_emissions[2305]=3.3578
Tue Aug 11 14:42:19 2020:DEBUG:setData: Setting BC_emissions[2306]=3.3578
Tue Aug 11 14:42:19 2020:DEBUG:setData: Setting BC_emissions[2307]=3.3578
Tue Aug 11 14:42:19 2020:DEBUG:setData: Setting BC_emissions[2308]=3.3578
Tue Aug 11 14:42:19 2020:DEBUG:setData: Setting BC_emissions[2309]=3.3578
Tue Aug 11 14:42:19 2020:DEBUG:setData: Setting BC_emissions[2310]=3.3578
Tue Aug 11 14:42:19 2020:DEBUG:setData: Setting BC_emissions[2311]=3.3578
Tue Aug 11 14:42:19 2020:DEBUG:setData: Setting BC_emissions[2312]=3.3578
Tue Aug 11 14:42:19 2020:DEBUG:setData: Setting BC_emissions[2313]=3.3578
Tue Aug 11 14:42:19 2020:DEBUG:setData: Setting BC_emissions[2314]=3.3578
Tue Aug 11 14:42:19 2020:DEBUG:setData: Setting BC_emissions[2315]=3.3578
Tue Aug 11 14:42:19 2020:DEBUG:setData: Setting BC_emissions[2316]=3.3578
Tue Aug 11 14:42:19 2020:DEBUG:setData: Setting BC_emissions[2317]=3.3578
Tue Aug 11 14:42:19 2020:DEBUG:setData: Setting BC_emissions[2318]=3.3578
Tue Aug 11 14:42:19 2020:DEBUG:setData: Setting BC_emissions[2319]=3.3578
Tue Aug 11 14:42:19 2020:DEBUG:setData: Setting BC_emissions[2320]=3.3578
Tue Aug 11 14:42:19 2020:DEBUG:setData: Setting BC_emissions[2321]=3.3578
Tue Aug 11 14:42:19 2020:DEBUG:setData: Setting BC_emissions[2322]=3.3578
Tue Aug 11 14:42:19 2020:DEBUG:setData: Setting BC_emissions[2323]=3.3578
Tue Aug 11 14:42:19 2020:DEBUG:setData: Setting BC_emissions[2324]=3.3578
Tue Aug 11 14:42:19 2020:DEBUG:setData: Setting BC_emissions[2325]=3.3578
Tue Aug 11 14:42:19 2020:DEBUG:setData: Setting BC_emissions[2326]=3.3578
Tue Aug 11 14:42:19 2020:DEBUG:setData: Setting BC_emissions[2327]=3.3578
Tue Aug 11 14:42:19 2020:DEBUG:setData: Setting BC_emissions[2328]=3.3578
Tue Aug 11 14:42:19 2020:DEBUG:setData: Setting BC_emissions[2329]=3.3578
Tue Aug 11 14:42:19 2020:DEBUG:setData: Setting BC_emissions[2330]=3.3578
Tue Aug 11 14:42:19 2020:DEBUG:setData: Setting BC_emissions[2331]=3.3578
Tue Aug 11 14:42:19 2020:DEBUG:setData: Setting BC_emissions[2332]=3.3578
Tue Aug 11 14:42:19 2020:DEBUG:setData: Setting BC_emissions[2333]=3.3578
Tue Aug 11 14:42:19 2020:DEBUG:setData: Setting BC_emissions[2334]=3.3578
Tue Aug 11 14:42:19 2020:DEBUG:setData: Setting BC_emissions[2335]=3.3578
Tue Aug 11 14:42:19 2020:DEBUG:setData: Setting BC_emissions[2336]=3.3578
Tue Aug 11 14:42:19 2020:DEBUG:setData: Setting BC_emissions[2337]=3.3578
Tue Aug 11 14:42:19 2020:DEBUG:setData: Setting BC_emissions[2338]=3.3578
Tue Aug 11 14:42:19 2020:DEBUG:setData: Setting BC_emissions[2339]=3.3578
Tue Aug 11 14:42:19 2020:DEBUG:setData: Setting BC_emissions[2340]=3.3578
Tue Aug 11 14:42:19 2020:DEBUG:setData: Setting BC_emissions[2341]=3.3578
Tue Aug 11 14:42:19 2020:DEBUG:setData: Setting BC_emissions[2342]=3.3578
Tue Aug 11 14:42:19 2020:DEBUG:setData: Setting BC_emissions[2343]=3.3578
Tue Aug 11 14:42:19 2020:DEBUG:setData: Setting BC_emissions[2344]=3.3578
Tue Aug 11 14:42:19 2020:DEBUG:setData: Setting BC_emissions[2345]=3.3578
Tue Aug 11 14:42:19 2020:DEBUG:setData: Setting BC_emissions[2346]=3.3578
Tue Aug 11 14:42:19 2020:DEBUG:setData: Setting BC_emissions[2347]=3.3578
Tue Aug 11 14:42:19 2020:DEBUG:setData: Setting BC_emissions[2348]=3.3578
Tue Aug 11 14:42:19 2020:DEBUG:setData: Setting BC_emissions[2349]=3.3578
Tue Aug 11 14:42:19 2020:DEBUG:setData: Setting BC_emissions[2350]=3.3578
Tue Aug 11 14:42:19 2020:DEBUG:setData: Setting BC_emissions[2351]=3.3578
Tue Aug 11 14:42:19 2020:DEBUG:setData: Setting BC_emissions[2352]=3.3578
Tue Aug 11 14:42:19 2020:DEBUG:setData: Setting BC_emissions[2353]=3.3578
Tue Aug 11 14:42:19 2020:DEBUG:setData: Setting BC_emissions[2354]=3.3578
Tue Aug 11 14:42:19 2020:DEBUG:setData: Setting BC_emissions[2355]=3.3578
Tue Aug 11 14:42:19 2020:DEBUG:setData: Setting BC_emissions[2356]=3.3578
Tue Aug 11 14:42:19 2020:DEBUG:setData: Setting BC_emissions[2357]=3.3578
Tue Aug 11 14:42:19 2020:DEBUG:setData: Setting BC_emissions[2358]=3.3578
Tue Aug 11 14:42:19 2020:DEBUG:setData: Setting BC_emissions[2359]=3.3578
Tue Aug 11 14:42:19 2020:DEBUG:setData: Setting BC_emissions[2360]=3.3578
Tue Aug 11 14:42:19 2020:DEBUG:setData: Setting BC_emissions[2361]=3.3578
Tue Aug 11 14:42:19 2020:DEBUG:setData: Setting BC_emissions[2362]=3.3578
Tue Aug 11 14:42:19 2020:DEBUG:setData: Setting BC_emissions[2363]=3.3578
Tue Aug 11 14:42:19 2020:DEBUG:setData: Setting BC_emissions[2364]=3.3578
Tue Aug 11 14:42:19 2020:DEBUG:setData: Setting BC_emissions[2365]=3.3578
Tue Aug 11 14:42:19 2020:DEBUG:setData: Setting BC_emissions[2366]=3.3578
Tue Aug 11 14:42:19 2020:DEBUG:setData: Setting BC_emissions[2367]=3.3578
Tue Aug 11 14:42:19 2020:DEBUG:setData: Setting BC_emissions[2368]=3.3578
Tue Aug 11 14:42:19 2020:DEBUG:setData: Setting BC_emissions[2369]=3.3578
Tue Aug 11 14:42:19 2020:DEBUG:setData: Setting BC_emissions[2370]=3.3578
Tue Aug 11 14:42:19 2020:DEBUG:setData: Setting BC_emissions[2371]=3.3578
Tue Aug 11 14:42:19 2020:DEBUG:setData: Setting BC_emissions[2372]=3.3578
Tue Aug 11 14:42:19 2020:DEBUG:setData: Setting BC_emissions[2373]=3.3578
Tue Aug 11 14:42:19 2020:DEBUG:setData: Setting BC_emissions[2374]=3.3578
Tue Aug 11 14:42:19 2020:DEBUG:setData: Setting BC_emissions[2375]=3.3578
Tue Aug 11 14:42:19 2020:DEBUG:setData: Setting BC_emissions[2376]=3.3578
Tue Aug 11 14:42:19 2020:DEBUG:setData: Setting BC_emissions[2377]=3.3578
Tue Aug 11 14:42:19 2020:DEBUG:setData: Setting BC_emissions[2378]=3.3578
Tue Aug 11 14:42:19 2020:DEBUG:setData: Setting BC_emissions[2379]=3.3578
Tue Aug 11 14:42:19 2020:DEBUG:setData: Setting BC_emissions[2380]=3.3578
Tue Aug 11 14:42:19 2020:DEBUG:setData: Setting BC_emissions[2381]=3.3578
Tue Aug 11 14:42:19 2020:DEBUG:setData: Setting BC_emissions[2382]=3.3578
Tue Aug 11 14:42:19 2020:DEBUG:setData: Setting BC_emissions[2383]=3.3578
Tue Aug 11 14:42:19 2020:DEBUG:setData: Setting BC_emissions[2384]=3.3578
Tue Aug 11 14:42:19 2020:DEBUG:setData: Setting BC_emissions[2385]=3.3578
Tue Aug 11 14:42:19 2020:DEBUG:setData: Setting BC_emissions[2386]=3.3578
Tue Aug 11 14:42:19 2020:DEBUG:setData: Setting BC_emissions[2387]=3.3578
Tue Aug 11 14:42:19 2020:DEBUG:setData: Setting BC_emissions[2388]=3.3578
Tue Aug 11 14:42:19 2020:DEBUG:setData: Setting BC_emissions[2389]=3.3578
Tue Aug 11 14:42:19 2020:DEBUG:setData: Setting BC_emissions[2390]=3.3578
Tue Aug 11 14:42:19 2020:DEBUG:setData: Setting BC_emissions[2391]=3.3578
Tue Aug 11 14:42:19 2020:DEBUG:setData: Setting BC_emissions[2392]=3.3578
Tue Aug 11 14:42:19 2020:DEBUG:setData: Setting BC_emissions[2393]=3.3578
Tue Aug 11 14:42:19 2020:DEBUG:setData: Setting BC_emissions[2394]=3.3578
Tue Aug 11 14:42:19 2020:DEBUG:setData: Setting BC_emissions[2395]=3.3578
Tue Aug 11 14:42:19 2020:DEBUG:setData: Setting BC_emissions[2396]=3.3578
Tue Aug 11 14:42:19 2020:DEBUG:setData: Setting BC_emissions[2397]=3.3578
Tue Aug 11 14:42:19 2020:DEBUG:setData: Setting BC_emissions[2398]=3.3578
Tue Aug 11 14:42:19 2020:DEBUG:setData: Setting BC_emissions[2399]=3.3578
Tue Aug 11 14:42:19 2020:DEBUG:setData: Setting BC_emissions[2400]=3.3578
Tue Aug 11 14:42:19 2020:DEBUG:setData: Setting BC_emissions[2401]=3.3578
Tue Aug 11 14:42:19 2020:DEBUG:setData: Setting BC_emissions[2402]=3.3578
Tue Aug 11 14:42:19 2020:DEBUG:setData: Setting BC_emissions[2403]=3.3578
Tue Aug 11 14:42:19 2020:DEBUG:setData: Setting BC_emissions[2404]=3.3578
Tue Aug 11 14:42:19 2020:DEBUG:setData: Setting BC_emissions[2405]=3.3578
Tue Aug 11 14:42:19 2020:DEBUG:setData: Setting BC_emissions[2406]=3.3578
Tue Aug 11 14:42:19 2020:DEBUG:setData: Setting BC_emissions[2407]=3.3578
Tue Aug 11 14:42:19 2020:DEBUG:setData: Setting BC_emissions[2408]=3.3578
Tue Aug 11 14:42:19 2020:DEBUG:setData: Setting BC_emissions[2409]=3.3578
Tue Aug 11 14:42:19 2020:DEBUG:setData: Setting BC_emissions[2410]=3.3578
Tue Aug 11 14:42:19 2020:DEBUG:setData: Setting BC_emissions[2411]=3.3578
Tue Aug 11 14:42:19 2020:DEBUG:setData: Setting BC_emissions[2412]=3.3578
Tue Aug 11 14:42:19 2020:DEBUG:setData: Setting BC_emissions[2413]=3.3578
Tue Aug 11 14:42:19 2020:DEBUG:setData: Setting BC_emissions[2414]=3.3578
Tue Aug 11 14:42:19 2020:DEBUG:setData: Setting BC_emissions[2415]=3.3578
Tue Aug 11 14:42:19 2020:DEBUG:setData: Setting BC_emissions[2416]=3.3578
Tue Aug 11 14:42:19 2020:DEBUG:setData: Setting BC_emissions[2417]=3.3578
Tue Aug 11 14:42:19 2020:DEBUG:setData: Setting BC_emissions[2418]=3.3578
Tue Aug 11 14:42:19 2020:DEBUG:setData: Setting BC_emissions[2419]=3.3578
Tue Aug 11 14:42:19 2020:DEBUG:setData: Setting BC_emissions[2420]=3.3578
Tue Aug 11 14:42:19 2020:DEBUG:setData: Setting BC_emissions[2421]=3.3578
Tue Aug 11 14:42:19 2020:DEBUG:setData: Setting BC_emissions[2422]=3.3578
Tue Aug 11 14:42:19 2020:DEBUG:setData: Setting BC_emissions[2423]=3.3578
Tue Aug 11 14:42:19 2020:DEBUG:setData: Setting BC_emissions[2424]=3.3578
Tue Aug 11 14:42:19 2020:DEBUG:setData: Setting BC_emissions[2425]=3.3578
Tue Aug 11 14:42:19 2020:DEBUG:setData: Setting BC_emissions[2426]=3.3578
Tue Aug 11 14:42:19 2020:DEBUG:setData: Setting BC_emissions[2427]=3.3578
Tue Aug 11 14:42:19 2020:DEBUG:setData: Setting BC_emissions[2428]=3.3578
Tue Aug 11 14:42:19 2020:DEBUG:setData: Setting BC_emissions[2429]=3.3578
Tue Aug 11 14:42:19 2020:DEBUG:setData: Setting BC_emissions[2430]=3.3578
Tue Aug 11 14:42:19 2020:DEBUG:setData: Setting BC_emissions[2431]=3.3578
Tue Aug 11 14:42:19 2020:DEBUG:setData: Setting BC_emissions[2432]=3.3578
Tue Aug 11 14:42:19 2020:DEBUG:setData: Setting BC_emissions[2433]=3.3578
Tue Aug 11 14:42:19 2020:DEBUG:setData: Setting BC_emissions[2434]=3.3578
Tue Aug 11 14:42:19 2020:DEBUG:setData: Setting BC_emissions[2435]=3.3578
Tue Aug 11 14:42:19 2020:DEBUG:setData: Setting BC_emissions[2436]=3.3578
Tue Aug 11 14:42:19 2020:DEBUG:setData: Setting BC_emissions[2437]=3.3578
Tue Aug 11 14:42:19 2020:DEBUG:setData: Setting BC_emissions[2438]=3.3578
Tue Aug 11 14:42:19 2020:DEBUG:setData: Setting BC_emissions[2439]=3.3578
Tue Aug 11 14:42:19 2020:DEBUG:setData: Setting BC_emissions[2440]=3.3578
Tue Aug 11 14:42:19 2020:DEBUG:setData: Setting BC_emissions[2441]=3.3578
Tue Aug 11 14:42:19 2020:DEBUG:setData: Setting BC_emissions[2442]=3.3578
Tue Aug 11 14:42:19 2020:DEBUG:setData: Setting BC_emissions[2443]=3.3578
Tue Aug 11 14:42:19 2020:DEBUG:setData: Setting BC_emissions[2444]=3.3578
Tue Aug 11 14:42:19 2020:DEBUG:setData: Setting BC_emissions[2445]=3.3578
Tue Aug 11 14:42:19 2020:DEBUG:setData: Setting BC_emissions[2446]=3.3578
Tue Aug 11 14:42:19 2020:DEBUG:setData: Setting BC_emissions[2447]=3.3578
Tue Aug 11 14:42:19 2020:DEBUG:setData: Setting BC_emissions[2448]=3.3578
Tue Aug 11 14:42:19 2020:DEBUG:setData: Setting BC_emissions[2449]=3.3578
Tue Aug 11 14:42:19 2020:DEBUG:setData: Setting BC_emissions[2450]=3.3578
Tue Aug 11 14:42:19 2020:DEBUG:setData: Setting BC_emissions[2451]=3.3578
Tue Aug 11 14:42:19 2020:DEBUG:setData: Setting BC_emissions[2452]=3.3578
Tue Aug 11 14:42:19 2020:DEBUG:setData: Setting BC_emissions[2453]=3.3578
Tue Aug 11 14:42:19 2020:DEBUG:setData: Setting BC_emissions[2454]=3.3578
Tue Aug 11 14:42:19 2020:DEBUG:setData: Setting BC_emissions[2455]=3.3578
Tue Aug 11 14:42:19 2020:DEBUG:setData: Setting BC_emissions[2456]=3.3578
Tue Aug 11 14:42:19 2020:DEBUG:setData: Setting BC_emissions[2457]=3.3578
Tue Aug 11 14:42:19 2020:DEBUG:setData: Setting BC_emissions[2458]=3.3578
Tue Aug 11 14:42:19 2020:DEBUG:setData: Setting BC_emissions[2459]=3.3578
Tue Aug 11 14:42:19 2020:DEBUG:setData: Setting BC_emissions[2460]=3.3578
Tue Aug 11 14:42:19 2020:DEBUG:setData: Setting BC_emissions[2461]=3.3578
Tue Aug 11 14:42:19 2020:DEBUG:setData: Setting BC_emissions[2462]=3.3578
Tue Aug 11 14:42:19 2020:DEBUG:setData: Setting BC_emissions[2463]=3.3578
Tue Aug 11 14:42:19 2020:DEBUG:setData: Setting BC_emissions[2464]=3.3578
Tue Aug 11 14:42:19 2020:DEBUG:setData: Setting BC_emissions[2465]=3.3578
Tue Aug 11 14:42:19 2020:DEBUG:setData: Setting BC_emissions[2466]=3.3578
Tue Aug 11 14:42:19 2020:DEBUG:setData: Setting BC_emissions[2467]=3.3578
Tue Aug 11 14:42:19 2020:DEBUG:setData: Setting BC_emissions[2468]=3.3578
Tue Aug 11 14:42:19 2020:DEBUG:setData: Setting BC_emissions[2469]=3.3578
Tue Aug 11 14:42:19 2020:DEBUG:setData: Setting BC_emissions[2470]=3.3578
Tue Aug 11 14:42:19 2020:DEBUG:setData: Setting BC_emissions[2471]=3.3578
Tue Aug 11 14:42:19 2020:DEBUG:setData: Setting BC_emissions[2472]=3.3578
Tue Aug 11 14:42:19 2020:DEBUG:setData: Setting BC_emissions[2473]=3.3578
Tue Aug 11 14:42:19 2020:DEBUG:setData: Setting BC_emissions[2474]=3.3578
Tue Aug 11 14:42:19 2020:DEBUG:setData: Setting BC_emissions[2475]=3.3578
Tue Aug 11 14:42:19 2020:DEBUG:setData: Setting BC_emissions[2476]=3.3578
Tue Aug 11 14:42:19 2020:DEBUG:setData: Setting BC_emissions[2477]=3.3578
Tue Aug 11 14:42:19 2020:DEBUG:setData: Setting BC_emissions[2478]=3.3578
Tue Aug 11 14:42:19 2020:DEBUG:setData: Setting BC_emissions[2479]=3.3578
Tue Aug 11 14:42:19 2020:DEBUG:setData: Setting BC_emissions[2480]=3.3578
Tue Aug 11 14:42:19 2020:DEBUG:setData: Setting BC_emissions[2481]=3.3578
Tue Aug 11 14:42:19 2020:DEBUG:setData: Setting BC_emissions[2482]=3.3578
Tue Aug 11 14:42:19 2020:DEBUG:setData: Setting BC_emissions[2483]=3.3578
Tue Aug 11 14:42:19 2020:DEBUG:setData: Setting BC_emissions[2484]=3.3578
Tue Aug 11 14:42:19 2020:DEBUG:setData: Setting BC_emissions[2485]=3.3578
Tue Aug 11 14:42:19 2020:DEBUG:setData: Setting BC_emissions[2486]=3.3578
Tue Aug 11 14:42:19 2020:DEBUG:setData: Setting BC_emissions[2487]=3.3578
Tue Aug 11 14:42:19 2020:DEBUG:setData: Setting BC_emissions[2488]=3.3578
Tue Aug 11 14:42:19 2020:DEBUG:setData: Setting BC_emissions[2489]=3.3578
Tue Aug 11 14:42:19 2020:DEBUG:setData: Setting BC_emissions[2490]=3.3578
Tue Aug 11 14:42:19 2020:DEBUG:setData: Setting BC_emissions[2491]=3.3578
Tue Aug 11 14:42:19 2020:DEBUG:setData: Setting BC_emissions[2492]=3.3578
Tue Aug 11 14:42:19 2020:DEBUG:setData: Setting BC_emissions[2493]=3.3578
Tue Aug 11 14:42:19 2020:DEBUG:setData: Setting BC_emissions[2494]=3.3578
Tue Aug 11 14:42:19 2020:DEBUG:setData: Setting BC_emissions[2495]=3.3578
Tue Aug 11 14:42:19 2020:DEBUG:setData: Setting BC_emissions[2496]=3.3578
Tue Aug 11 14:42:19 2020:DEBUG:setData: Setting BC_emissions[2497]=3.3578
Tue Aug 11 14:42:19 2020:DEBUG:setData: Setting BC_emissions[2498]=3.3578
Tue Aug 11 14:42:19 2020:DEBUG:setData: Setting BC_emissions[2499]=3.3578
Tue Aug 11 14:42:19 2020:DEBUG:setData: Setting BC_emissions[2500]=3.3578
Tue Aug 11 14:42:20 2020:DEBUG:prepareToRun: prepareToRun 
Tue Aug 11 14:42:20 2020:NOTICE:reset: bc reset to time= 0
Tue Aug 11 14:42:20 2020:DEBUG:prepareToRun: prepareToRun 
Tue Aug 11 14:42:29 2020:NOTICE:reset: bc reset to time= 0
Tue Aug 11 14:42:29 2020:DEBUG:prepareToRun: prepareToRun 
Tue Aug 11 14:42:30 2020:NOTICE:reset: bc reset to time= 0
Tue Aug 11 14:42:30 2020:DEBUG:prepareToRun: prepareToRun 
Tue Aug 11 14:42:31 2020:NOTICE:reset: bc reset to time= 0
Tue Aug 11 14:42:31 2020:DEBUG:prepareToRun: prepareToRun 
Tue Aug 11 14:42:31 2020:NOTICE:reset: bc reset to time= 0
Tue Aug 11 14:42:31 2020:DEBUG:prepareToRun: prepareToRun 
Tue Aug 11 14:42:32 2020:NOTICE:reset: bc reset to time= 0
Tue Aug 11 14:42:32 2020:DEBUG:prepareToRun: prepareToRun 
Tue Aug 11 14:42:32 2020:NOTICE:reset: bc reset to time= 0
Tue Aug 11 14:42:32 2020:DEBUG:prepareToRun: prepareToRun 
Tue Aug 11 14:42:33 2020:NOTICE:reset: bc reset to time= 0
Tue Aug 11 14:42:33 2020:DEBUG:prepareToRun: prepareToRun 
Tue Aug 11 14:42:34 2020:NOTICE:reset: bc reset to time= 0
Tue Aug 11 14:42:34 2020:DEBUG:prepareToRun: prepareToRun 
Tue Aug 11 14:42:35 2020:NOTICE:reset: bc reset to time= 0
Tue Aug 11 14:42:35 2020:DEBUG:prepareToRun: prepareToRun 
Tue Aug 11 14:42:35 2020:NOTICE:reset: bc reset to time= 0
Tue Aug 11 14:42:35 2020:DEBUG:prepareToRun: prepareToRun 
Tue Aug 11 14:42:36 2020:NOTICE:reset: bc reset to time= 0
Tue Aug 11 14:42:36 2020:DEBUG:prepareToRun: prepareToRun 
Tue Aug 11 14:42:36 2020:NOTICE:reset: bc reset to time= 0
Tue Aug 11 14:42:36 2020:DEBUG:prepareToRun: prepareToRun 
Tue Aug 11 14:42:37 2020:NOTICE:reset: bc reset to time= 0
Tue Aug 11 14:42:37 2020:DEBUG:prepareToRun: prepareToRun 
Tue Aug 11 14:42:37 2020:NOTICE:reset: bc reset to time= 0
Tue Aug 11 14:42:37 2020:DEBUG:prepareToRun: prepareToRun 
Tue Aug 11 14:42:38 2020:NOTICE:reset: bc reset to time= 0
Tue Aug 11 14:42:38 2020:DEBUG:prepareToRun: prepareToRun 
Tue Aug 11 14:42:39 2020:NOTICE:reset: bc reset to time= 0
Tue Aug 11 14:42:39 2020:DEBUG:prepareToRun: prepareToRun 
Tue Aug 11 14:42:40 2020:NOTICE:reset: bc reset to time= 0
Tue Aug 11 14:42:40 2020:DEBUG:prepareToRun: prepareToRun 
Tue Aug 11 14:42:40 2020:NOTICE:reset: bc reset to time= 0
Tue Aug 11 14:42:40 2020:DEBUG:prepareToRun: prepareToRun 
Tue Aug 11 14:42:41 2020:NOTICE:reset: bc reset to time= 0
Tue Aug 11 14:42:41 2020:DEBUG:prepareToRun: prepareToRun 
Tue Aug 11 14:42:41 2020:NOTICE:reset: bc reset to time= 0
Tue Aug 11 14:42:41 2020:DEBUG:prepareToRun: prepareToRun 
Tue Aug 11 14:42:42 2020:NOTICE:reset: bc reset to time= 0
Tue Aug 11 14:42:43 2020:DEBUG:prepareToRun: prepareToRun 
Tue Aug 11 14:42:43 2020:NOTICE:reset: bc reset to time= 0
Tue Aug 11 14:42:43 2020:DEBUG:prepareToRun: prepareToRun 
Tue Aug 11 14:51:47 2020:NOTICE:reset: bc reset to time= 0
Tue Aug 11 14:51:47 2020:DEBUG:prepareToRun: prepareToRun 
